Log file open, 10/12/17 16:54:51
LogWindows: Failed to load 'aqProf.dll' (GetLastError=126)
LogWindows: File 'aqProf.dll' does not exist
LogWindows: Failed to load 'VtuneApi.dll' (GetLastError=126)
LogWindows: File 'VtuneApi.dll' does not exist
LogWindows: Failed to load 'VtuneApi32e.dll' (GetLastError=126)
LogWindows: File 'VtuneApi32e.dll' does not exist
LogInit: Display: Running engine for game: BattleTank
LogPlatformFile: Not using cached read wrapper
LogInit: Display: RandInit(733096978) SRandInit(733096978).
LogTaskGraph: Started task graph with 5 named threads and 14 total threads with 3 sets of task threads.
LogStats: Stats thread started at 0.184871
LogD3D11RHI: Aftermath initialized
LogPluginManager: Mounting plugin Paper2D
LogPluginManager: Mounting plugin LightPropagationVolume
LogPluginManager: Mounting plugin CodeLiteSourceCodeAccess
LogPluginManager: Mounting plugin GitSourceControl
LogPluginManager: Mounting plugin KDevelopSourceCodeAccess
LogPluginManager: Mounting plugin NullSourceCodeAccess
LogPluginManager: Mounting plugin PerforceSourceControl
LogPluginManager: Mounting plugin SubversionSourceControl
LogPluginManager: Mounting plugin UObjectPlugin
LogPluginManager: Mounting plugin VisualStudioSourceCodeAccess
LogPluginManager: Mounting plugin XCodeSourceCodeAccess
LogPluginManager: Mounting plugin AssetManagerEditor
LogPluginManager: Mounting plugin AudioCapture
LogPluginManager: Mounting plugin FacialAnimation
LogPluginManager: Mounting plugin GameplayTagsEditor
LogPluginManager: Mounting plugin MobileLauncherProfileWizard
LogPluginManager: Mounting plugin PluginBrowser
LogPluginManager: Mounting plugin SpeedTreeImporter
LogPluginManager: Mounting plugin AlembicImporter
LogPluginManager: Mounting plugin CharacterAI
LogPluginManager: Mounting plugin HTML5Networking
LogPluginManager: Mounting plugin AndroidMedia
LogPluginManager: Mounting plugin AvfMedia
LogPluginManager: Mounting plugin MediaPlayerEditor
LogPluginManager: Mounting plugin WmfMedia
LogPluginManager: Mounting plugin TcpMessaging
LogPluginManager: Mounting plugin UdpMessaging
LogPluginManager: Mounting plugin LevelSequenceEditor
LogPluginManager: Mounting plugin MatineeToLevelSequence
LogPluginManager: Mounting plugin OnlineSubsystemGooglePlay
LogPluginManager: Mounting plugin OnlineSubsystemIOS
LogPluginManager: Mounting plugin OnlineSubsystem
LogPluginManager: Mounting plugin OnlineSubsystemNull
LogPluginManager: Mounting plugin OnlineSubsystemUtils
LogPluginManager: Mounting plugin AndroidDeviceProfileSelector
LogPluginManager: Mounting plugin AndroidMoviePlayer
LogPluginManager: Mounting plugin AndroidPermission
LogPluginManager: Mounting plugin AppleMoviePlayer
LogPluginManager: Mounting plugin ArchVisCharacter
LogPluginManager: Mounting plugin CableComponent
LogPluginManager: Mounting plugin CustomMeshComponent
LogPluginManager: Mounting plugin ExampleDeviceProfileSelector
LogPluginManager: Mounting plugin GoogleCloudMessaging
LogPluginManager: Mounting plugin ImmediatePhysics
LogPluginManager: Mounting plugin IOSDeviceProfileSelector
LogPluginManager: Mounting plugin LinuxDeviceProfileSelector
LogPluginManager: Mounting plugin LocationServicesBPLibrary
LogPluginManager: Mounting plugin MobilePatchingUtils
LogPluginManager: Mounting plugin OculusVR
LogPluginManager: Mounting plugin PhysXVehicles
LogPluginManager: Mounting plugin ProceduralMeshComponent
LogPluginManager: Mounting plugin RuntimePhysXCooking
LogPluginManager: Mounting plugin SteamVR
LogPluginManager: Mounting plugin WindowsMoviePlayer
LogInit: Using libcurl 7.47.1
LogInit:  - built for x86_64-pc-win32
LogInit:  - supports SSL with OpenSSL/1.0.2g
LogInit:  - supports HTTP deflate (compression) using libz 1.2.8
LogInit:  - other features:
LogInit:      CURL_VERSION_SSL
LogInit:      CURL_VERSION_LIBZ
LogInit:      CURL_VERSION_IPV6
LogInit:      CURL_VERSION_ASYNCHDNS
LogInit:      CURL_VERSION_LARGEFILE
LogInit:      CURL_VERSION_IDN
LogInit:  CurlRequestOptions (configurable via config and command line):
LogInit:  - bVerifyPeer = false  - Libcurl will NOT verify peer certificate
LogInit:  - bUseHttpProxy = false  - Libcurl will NOT use HTTP proxy
LogInit:  - bDontReuseConnections = false  - Libcurl will reuse connections
LogInit:  - CertBundlePath = nullptr  - Libcurl will use whatever was configured at build time.
LogInit: Build: ++UE4+Release-4.17-CL-3658906
LogInit: Engine Version: 4.17.2-3658906+++UE4+Release-4.17
LogInit: Compatible Engine Version: 4.17.0-3573198+++UE4+Release-4.17
LogInit: Net CL: 3573198
LogDevObjectVersion: Number of dev versions registered: 16
LogDevObjectVersion:   Dev-Blueprints (B0D832E4-1F89-4F0D-ACCF-7EB736FD4AA2): 10
LogDevObjectVersion:   Dev-Build (E1C64328-A22C-4D53-A36C-8E866417BD8C): 0
LogDevObjectVersion:   Dev-Core (375EC13C-06E4-48FB-B500-84F0262A717E): 2
LogDevObjectVersion:   Dev-Editor (E4B068ED-F494-42E9-A231-DA0B2E46BB41): 20
LogDevObjectVersion:   Dev-Framework (CFFC743F-43B0-4480-9391-14DF171D2073): 28
LogDevObjectVersion:   Dev-Mobile (B02B49B5-BB20-44E9-A304-32B752E40360): 0
LogDevObjectVersion:   Dev-Networking (A4E4105C-59A1-49B5-A7C5-40C4547EDFEE): 0
LogDevObjectVersion:   Dev-Online (39C831C9-5AE6-47DC-9A44-9C173E1C8E7C): 0
LogDevObjectVersion:   Dev-Physics (78F01B33-EBEA-4F98-B9B4-84EACCB95AA2): 0
LogDevObjectVersion:   Dev-Platform (6631380F-2D4D-43E0-8009-CF276956A95A): 0
LogDevObjectVersion:   Dev-Rendering (12F88B9F-8875-4AFC-A67C-D90C383ABD29): 19
LogDevObjectVersion:   Dev-Sequencer (7B5AE74C-D270-4C10-A958-57980B212A5A): 4
LogDevObjectVersion:   Dev-VR (D7296918-1DD6-4BDD-9DE2-64A83CC13884): 0
LogDevObjectVersion:   Dev-LoadTimes (C2A15278-BFE7-4AFE-6C17-90FF531DF755): 1
LogDevObjectVersion:   Private-Geometry (6EACA3D4-40EC-4CC1-B786-8BED09428FC5): 1
LogDevObjectVersion:   Dev-AnimPhys (29E575DD-E0A3-4627-9D10-D276232CDCEA): 7
LogInit: Compiled (64-bit): Sep 22 2017 13:47:16
LogInit: Compiled with Visual C++: 19.00.24215.01
LogInit: Build Configuration: Development
LogInit: Branch Name: ++UE4+Release-4.17
LogInit: Command line: -EpicPortal 
LogInit: Base directory: C:/Program Files/Epic Games/UE_4.17/Engine/Binaries/Win64/
LogInit: Installed Engine Build: 1
LogInit: Presizing for max 8388607 objects, including 0 objects not considered by GC, pre-allocating 0 bytes for permanent pool.
LogInit: Object subsystem initialized
[2017.10.12-20.54.52:333][  0]LogInit: Selected Device Profile: [Windows]
[2017.10.12-20.54.52:334][  0]LogInit: Applying CVar settings loaded from the selected device profile: [Windows]
[2017.10.12-20.54.52:338][  0]LogInit: Computer: DESKTOP-HVVR9I6
[2017.10.12-20.54.52:338][  0]LogInit: User: zain
[2017.10.12-20.54.52:338][  0]LogInit: CPU Page size=4096, Cores=4
[2017.10.12-20.54.52:338][  0]LogInit: High frequency timer resolution =4.101564 MHz
[2017.10.12-20.54.52:338][  0]LogMemory: Memory total: Physical=15.9GB (16GB approx)
[2017.10.12-20.54.52:338][  0]LogMemory: Platform Memory Stats for Windows
[2017.10.12-20.54.52:338][  0]LogMemory: Process Physical Memory: 278.51 MB used, 278.51 MB peak
[2017.10.12-20.54.52:338][  0]LogMemory: Process Virtual Memory: 274.45 MB used, 274.45 MB peak
[2017.10.12-20.54.52:338][  0]LogMemory: Physical Memory: 7787.12 MB used,  8527.39 MB free, 16314.51 MB total
[2017.10.12-20.54.52:338][  0]LogMemory: Virtual Memory: 654.87 MB used,  8527.39 MB free, 134217728.00 MB total
[2017.10.12-20.54.52:478][  0]LogInit: Using OS detected language (en-US).
[2017.10.12-20.54.52:478][  0]LogInit: Using OS detected locale (en-US).
[2017.10.12-20.54.52:482][  0]LogTextLocalizationManager: No specific localization for 'en-US' exists, so the 'en' localization will be used.
[2017.10.12-20.54.53:077][  0]LogD3D11RHI: D3D11 adapters:
[2017.10.12-20.54.53:667][  0]LogD3D11RHI:    0. 'NVIDIA GeForce GTX 1070' (Feature Level 11_0)
[2017.10.12-20.54.53:667][  0]LogD3D11RHI:       8119/0/8157 MB DedicatedVideo/DedicatedSystem/SharedSystem, Outputs:2, VendorId:0x10de
[2017.10.12-20.54.53:669][  0]LogD3D11RHI:    1. 'Microsoft Basic Render Driver' (Feature Level 11_0)
[2017.10.12-20.54.53:669][  0]LogD3D11RHI:       0/0/8157 MB DedicatedVideo/DedicatedSystem/SharedSystem, Outputs:0, VendorId:0x1414
[2017.10.12-20.54.53:669][  0]LogD3D11RHI: Chosen D3D11 Adapter: 0
[2017.10.12-20.54.53:673][  0]LogD3D11RHI: Creating new Direct3DDevice
[2017.10.12-20.54.53:675][  0]LogD3D11RHI:     GPU DeviceId: 0x1b81 (for the marketing name, search the web for "GPU Device Id")
[2017.10.12-20.54.53:675][  0]LogWindows: EnumDisplayDevices:
[2017.10.12-20.54.53:675][  0]LogWindows:    0. 'NVIDIA GeForce GTX 1070' (P:1 D:1)
[2017.10.12-20.54.53:675][  0]LogWindows:    1. 'NVIDIA GeForce GTX 1070' (P:0 D:1)
[2017.10.12-20.54.53:675][  0]LogWindows:    2. 'NVIDIA GeForce GTX 1070' (P:0 D:0)
[2017.10.12-20.54.53:675][  0]LogWindows:    3. 'NVIDIA GeForce GTX 1070' (P:0 D:0)
[2017.10.12-20.54.53:675][  0]LogWindows: DebugString: FoundDriverCount:4 
[2017.10.12-20.54.53:675][  0]LogD3D11RHI:     Adapter Name: NVIDIA GeForce GTX 1070
[2017.10.12-20.54.53:675][  0]LogD3D11RHI:   Driver Version: 382.53 (internal:22.21.13.8253, unified:382.53)
[2017.10.12-20.54.53:675][  0]LogD3D11RHI:      Driver Date: 6-7-2017
[2017.10.12-20.54.53:675][  0]LogRHI: Texture pool is 1361 MB (70% of 1945 MB)
[2017.10.12-20.54.54:100][  0]LogD3D11RHI: Async texture creation enabled
[2017.10.12-20.54.54:126][  0]LogD3D11RHI: GPU Timing Frequency: 1000.000000 (Debug: 2 1)
[2017.10.12-20.54.54:175][  0]LogShaderCompilers: Guid format shader working directory is -3 characters bigger than the processId version (D:/Projects/Unreal Engine/Battle-Tank/BattleTank/Intermediate/Shaders/WorkingDirectory/15116/).
[2017.10.12-20.54.54:175][  0]LogShaderCompilers: Cleaned the shader compiler working directory 'C:/Users/zain_/AppData/Local/Temp/UnrealShaderWorkingDir/C770CF3B48FD27452B6ED8B8FE4BB933/'.
[2017.10.12-20.54.54:175][  0]LogShaderCompilers: Display: Using Local Shader Compiler.
[2017.10.12-20.54.55:106][  0]LogTemp: Display: Loaded TP AllDesktopTargetPlatform
[2017.10.12-20.54.55:150][  0]LogTemp: Display: Loaded TP MacClientTargetPlatform
[2017.10.12-20.54.55:194][  0]LogTemp: Display: Loaded TP MacNoEditorTargetPlatform
[2017.10.12-20.54.55:239][  0]LogTemp: Display: Loaded TP MacServerTargetPlatform
[2017.10.12-20.54.55:290][  0]LogTemp: Display: Loaded TP MacTargetPlatform
[2017.10.12-20.54.55:334][  0]LogTemp: Display: Loaded TP WindowsClientTargetPlatform
[2017.10.12-20.54.55:380][  0]LogTemp: Display: Loaded TP WindowsNoEditorTargetPlatform
[2017.10.12-20.54.55:427][  0]LogTemp: Display: Loaded TP WindowsServerTargetPlatform
[2017.10.12-20.54.55:467][  0]LogTemp: Display: Loaded TP WindowsTargetPlatform
[2017.10.12-20.54.55:510][  0]LogTemp: Display: Loaded TP AndroidTargetPlatform
[2017.10.12-20.54.55:554][  0]LogTemp: Display: Loaded TP Android_ASTCTargetPlatform
[2017.10.12-20.54.55:597][  0]LogTemp: Display: Loaded TP Android_ATCTargetPlatform
[2017.10.12-20.54.55:641][  0]LogTemp: Display: Loaded TP Android_DXTTargetPlatform
[2017.10.12-20.54.55:685][  0]LogTemp: Display: Loaded TP Android_ETC1TargetPlatform
[2017.10.12-20.54.55:727][  0]LogTemp: Display: Loaded TP Android_ETC2TargetPlatform
[2017.10.12-20.54.55:830][  0]LogTemp: Display: Loaded TP Android_MultiTargetPlatform
[2017.10.12-20.54.55:830][  0]LogTemp: Display: Loaded TP Android_PVRTCTargetPlatform
[2017.10.12-20.54.55:872][  0]LogTemp: Display: Loaded TP HTML5TargetPlatform
[2017.10.12-20.54.55:967][  0]LogTemp: Display: Loaded TP IOSTargetPlatform
[2017.10.12-20.54.55:998][  0]LogTemp: Display: Loaded TP TVOSTargetPlatform
[2017.10.12-20.54.56:044][  0]LogTemp: Display: Loaded TP LinuxClientTargetPlatform
[2017.10.12-20.54.56:089][  0]LogTemp: Display: Loaded TP LinuxNoEditorTargetPlatform
[2017.10.12-20.54.56:135][  0]LogTemp: Display: Loaded TP LinuxServerTargetPlatform
[2017.10.12-20.54.56:179][  0]LogTemp: Display: Loaded TP LinuxTargetPlatform
[2017.10.12-20.54.56:179][  0]LogTargetPlatformManager: Display: Building Assets For Windows
[2017.10.12-20.54.56:692][  0]LogDerivedDataCache: Display: Max Cache Size: 512 MB
[2017.10.12-20.54.56:833][  0]LogDerivedDataCache: Loaded boot cache 0.14s 93MB C:/Users/zain_/AppData/Local/UnrealEngine/4.17/DerivedDataCache/Boot.ddc.
[2017.10.12-20.54.56:833][  0]LogDerivedDataCache: Display: Loaded Boot cache: C:/Users/zain_/AppData/Local/UnrealEngine/4.17/DerivedDataCache/Boot.ddc
[2017.10.12-20.54.56:833][  0]LogDerivedDataCache: FDerivedDataBackendGraph:  Pak pak cache file D:/Projects/Unreal Engine/Battle-Tank/BattleTank/DerivedDataCache/DDC.ddp not found, will not use a pak cache.
[2017.10.12-20.54.56:833][  0]LogDerivedDataCache: Unable to find inner node Pak for hierarchical cache Hierarchy.
[2017.10.12-20.54.56:833][  0]LogDerivedDataCache: FDerivedDataBackendGraph:  CompressedPak pak cache file D:/Projects/Unreal Engine/Battle-Tank/BattleTank/DerivedDataCache/Compressed.ddp not found, will not use a pak cache.
[2017.10.12-20.54.56:833][  0]LogDerivedDataCache: Unable to find inner node CompressedPak for hierarchical cache Hierarchy.
[2017.10.12-20.54.56:848][  0]LogDerivedDataCache: Display: Pak cache opened for reading ../../../Engine/DerivedDataCache/Compressed.ddp.
[2017.10.12-20.54.56:860][  0]LogDerivedDataCache: Using Local data cache path C:/Users/zain_/AppData/Local/UnrealEngine/Common/DerivedDataCache: Writable
[2017.10.12-20.54.56:872][  0]LogMaterial: Verifying Global Shaders for PCD3D_SM5
[2017.10.12-20.54.56:873][  0]LogSlate: Using Freetype 2.6.0
[2017.10.12-20.54.56:874][  0]LogSlate: SlateFontCache - WITH_FREETYPE: 1, WITH_HARFBUZZ: 1
[2017.10.12-20.54.56:874][  0]LogSlate: SlateFontCache - WITH_FREETYPE: 1, WITH_HARFBUZZ: 1
[2017.10.12-20.54.57:108][  0]LogAssetRegistry: FAssetRegistry took 0.0247 seconds to start up
[2017.10.12-20.54.57:208][  0]LogInit: Selected Device Profile: [Windows]
[2017.10.12-20.54.57:381][  0]LogContentStreaming: Texture pool size is 0.00 MB
[2017.10.12-20.54.57:661][  0]LogSimplygon: Simplygon DLL not present - disabling.
[2017.10.12-20.54.57:701][  0]LogMeshReduction: Using SimplygonSwarm for distributed automatic mesh merging
[2017.10.12-20.54.57:702][  0]LogMeshReduction: Using QuadricMeshReduction for automatic static mesh reduction
[2017.10.12-20.54.57:702][  0]LogMeshReduction: No automatic skeletal mesh reduction module available
[2017.10.12-20.54.57:702][  0]LogMeshReduction: No automatic mesh merging module available
[2017.10.12-20.54.57:702][  0]LogMeshMerging: No automatic mesh merging module available
[2017.10.12-20.54.58:326][  0]LogNetVersion: BattleTank , NetCL: 3573198, EngineNetVer: 2, GameNetVer: 0 (Checksum: 245269811)
[2017.10.12-20.54.58:574][  0]LogPackageLocalizationCache: Processed 5 localized package path(s) for 2 prioritized culture(s) in 0.033088 seconds
[2017.10.12-20.54.58:579][  0]LogUObjectArray: 35825 objects as part of root set at end of initial load.
[2017.10.12-20.54.58:579][  0]LogUObjectAllocator: 7529104 out of 0 bytes used by permanent object pool.
[2017.10.12-20.54.58:579][  0]LogUObjectArray: CloseDisregardForGC: 0/0 objects in disregard for GC pool
[2017.10.12-20.54.58:631][  0]LogInit: WinSock: version 1.1 (2.2), MaxSocks=32767, MaxUdp=65467
[2017.10.12-20.55.01:001][  0]LogTcpMessaging: Initializing TcpMessaging bridge
[2017.10.12-20.55.01:047][  0]LogUdpMessaging: Initializing bridge on interface 0.0.0.0:0 to multicast group 230.0.0.1:6666.
[2017.10.12-20.55.01:736][  0]LogMaterial: Uniform references updated for custom material expression Custom.
[2017.10.12-20.55.02:136][  0]SourceControl: Source control is disabled
[2017.10.12-20.55.02:136][  0]SourceControl: Source control is disabled
[2017.10.12-20.55.02:185][  0]SourceControl: Source control is disabled
[2017.10.12-20.55.02:236][  0]SourceControl: Source control is disabled
[2017.10.12-20.55.02:849][  0]LogAndroidPermission: UAndroidPermissionCallbackProxy::GetInstance
[2017.10.12-20.55.03:100][  0]LogOcInput: OculusInput pre-init called
[2017.10.12-20.55.03:354][  0]LogEngine: Initializing Engine...
[2017.10.12-20.55.03:356][  0]LogHMD: Failed to initialize OpenVR with code 110
[2017.10.12-20.55.03:566][  0]LogStats: UGameplayTagsManager::ConstructGameplayTagTree: Construct from data asset -  0.000 s
[2017.10.12-20.55.03:566][  0]LogStats: UGameplayTagsManager::ConstructGameplayTagTree: GameplayTagTreeChangedEvent.Broadcast -  0.000 s
[2017.10.12-20.55.03:702][  0]LogAIModule: Creating AISystem for world Untitled
[2017.10.12-20.55.03:710][  0]LogInit: XAudio2 using 'Speakers (High Definition Audio Device)' : 2 channels at 44.1 kHz using 16 bits per sample (channel mask 0x3)
[2017.10.12-20.55.03:750][  0]LogInit: FAudioDevice initialized.
[2017.10.12-20.55.04:028][  0]LogDerivedDataCache: Saved boot cache 0.28s 93MB C:/Users/zain_/AppData/Local/UnrealEngine/4.17/DerivedDataCache/Boot.ddc.
[2017.10.12-20.55.04:045][  0]LogInit: Texture streaming: Enabled
[2017.10.12-20.55.04:142][  0]LogEngineSessionManager: EngineSessionManager initialized
[2017.10.12-20.55.04:370][  0]LogInit: Transaction tracking system initialized
[2017.10.12-20.55.04:673][  0]BlueprintLog: New page: Editor Load
[2017.10.12-20.55.05:546][  0]LocalizationService: Localization service is disabled
[2017.10.12-20.55.06:233][  0]LogConsoleResponse: Display: 
[2017.10.12-20.55.06:404][  0]LogFileCache: Scanning file cache for directory 'D:/Projects/Unreal Engine/Battle-Tank/BattleTank/Content/' took 0.01s
[2017.10.12-20.55.06:404][  0]LogCook: Display: Max memory allowance for cook 16384mb min free memory 0mb
[2017.10.12-20.55.06:404][  0]LogCook: Display: Mobile HDR setting 1
[2017.10.12-20.55.06:404][  0]LogGameplayTags: Display: UGameplayTagsManager::DoneAddingNativeTags. DelegateIsBound: 0
[2017.10.12-20.55.07:441][  0]SourceControl: Source control is disabled
[2017.10.12-20.55.07:442][  0]Cmd: MAP LOAD FILE="../../../Engine/Content/Maps/Templates/Template_Default.umap" TEMPLATE=1 SHOWPROGRESS=1 FEATURELEVEL=3
[2017.10.12-20.55.07:442][  0]LightingResults: New page: Lighting Build
[2017.10.12-20.55.07:486][  0]MapCheck: New page: Map Check
[2017.10.12-20.55.07:486][  0]LightingResults: New page: Lighting Build
[2017.10.12-20.55.07:616][  0]LogAIModule: Creating AISystem for world Untitled_1
[2017.10.12-20.55.07:620][  0]LogEditorServer: Finished looking for orphan Actors (0.000 secs)
[2017.10.12-20.55.07:630][  0]Cmd: MAP CHECKDEP NOCLEARLOG
[2017.10.12-20.55.07:708][  0]MapCheck: Map check complete: 0 Error(s), 0 Warning(s), took 77.953ms to complete.
[2017.10.12-20.55.07:708][  0]LogFileHelpers: Loading map 'Template_Default' took 0.266
[2017.10.12-20.55.08:054][  0]LogCollectionManager: Loaded 0 collections in 0.001574 seconds
[2017.10.12-20.55.08:658][  0]LogFileCache: Scanning file cache for directory 'D:/Projects/Unreal Engine/Battle-Tank/BattleTank/Saved/Collections/' took 0.01s
[2017.10.12-20.55.08:658][  0]LogFileCache: Scanning file cache for directory 'D:/Projects/Unreal Engine/Battle-Tank/BattleTank/Content/Developers/zain/Collections/' took 0.01s
[2017.10.12-20.55.08:658][  0]LogFileCache: Scanning file cache for directory 'D:/Projects/Unreal Engine/Battle-Tank/BattleTank/Content/Collections/' took 0.01s
[2017.10.12-20.55.08:658][  0]LogCollectionManager: Rebuilt the GUID cache for 0 collections in 0.000000 seconds
[2017.10.12-20.55.08:666][  0]LogContentBrowser: Native class hierarchy populated in 0.0072 seconds. Added 2387 classes and 502 folders.
[2017.10.12-20.55.08:753][  0]LogContentBrowser: Native class hierarchy updated for 'WidgetCarousel' in 0.0012 seconds. Added 0 classes and 0 folders.
[2017.10.12-20.55.11:665][  0]LogContentBrowser: Native class hierarchy updated for 'AddContentDialog' in 0.0016 seconds. Added 0 classes and 0 folders.
[2017.10.12-20.55.11:735][  0]LogContentBrowser: Native class hierarchy updated for 'SceneOutliner' in 0.0012 seconds. Added 1 classes and 2 folders.
[2017.10.12-20.55.11:797][  0]LogSlate: Took 0.000612 seconds to synchronously load lazily loaded font '../../../Engine/Content/Slate/Fonts/Roboto-Regular.ttf' (155K)
[2017.10.12-20.55.11:799][  0]LogSlate: Took 0.000362 seconds to synchronously load lazily loaded font '../../../Engine/Content/Slate/Fonts/Roboto-Bold.ttf' (160K)
[2017.10.12-20.55.11:820][  0]LogSlate: Took 0.015572 seconds to synchronously load lazily loaded font '../../../Engine/Content/Editor/Slate/Fonts/FontAwesome.ttf' (139K)
[2017.10.12-20.55.12:040][  0]LogRenderer: Reallocating scene render targets to support 1208x576 Format 10 NumSamples 1 (Frame:1).
[2017.10.12-20.55.12:210][  0]LogContentBrowser: Native class hierarchy updated for 'HierarchicalLODOutliner' in 0.0012 seconds. Added 1 classes and 2 folders.
[2017.10.12-20.55.12:210][  0]LogLoad: (Engine Initialization) Total time: 22.30 seconds
[2017.10.12-20.55.12:210][  0]LogLoad: (Engine Initialization) Total Blueprint compile time: 0.00 seconds
[2017.10.12-20.55.12:210][  0]LogExternalProfiler: Found external profiler: VSPerf
[2017.10.12-20.55.12:210][  0]LogExternalProfiler: Using external profiler: VSPerf
[2017.10.12-20.55.12:220][  0]LogWindowsTextInputMethodSystem: Display: IME system now deactivated.
[2017.10.12-20.55.12:233][  0]LogContentStreaming: Texture pool size now 1000 MB
[2017.10.12-20.55.13:604][158]LogAssetRegistry: Asset discovery search completed in 16.5173 seconds
[2017.10.12-20.55.13:605][158]LogCollectionManager: Rebuilt the object cache for 0 collections in 0.000001 seconds (found 0 objects)
[2017.10.12-20.55.13:605][158]LogCollectionManager: Fixed up redirectors for 0 collections in 0.000141 seconds (updated 0 objects)
[2017.10.12-21.08.02:478][666]LogEditorViewport: Clicking on Actor (context menu): StaticMeshActor (Floor)
[2017.10.12-21.08.03:412][749]LogEditorViewport: Clicking on Actor (LMB): StaticMeshActor (Floor)
[2017.10.12-21.08.12:754][241]LogEditorViewport: Clicking on Actor (LMB): StaticMeshActor (Floor)
[2017.10.12-21.08.32:105][307]LogSlate: Took 0.000250 seconds to synchronously load lazily loaded font '../../../Engine/Content/Slate/Fonts/Roboto-Light.ttf' (159K)
[2017.10.12-21.08.32:757][307]Cmd: OBJ SAVEPACKAGE PACKAGE="/Game/Maps/BattleGround" FILE="D:/Projects/Unreal Engine/Battle-Tank/BattleTank/Content/Maps/BattleGround.umap" SILENT=true AUTOSAVING=false KEEPDIRTY=false
[2017.10.12-21.08.32:791][307]LogSavePackage: Save=23.07ms
[2017.10.12-21.08.32:792][307]LogSavePackage: Moving 'D:/Projects/Unreal Engine/Battle-Tank/BattleTank/Saved/BattleGround3BA190E64079D8E033D9A495DC0FE11F.tmp' to 'D:/Projects/Unreal Engine/Battle-Tank/BattleTank/Content/Maps/BattleGround.umap'
[2017.10.12-21.08.32:792][307]LogSavePackage: Display: Finished SavePackage D:/Projects/Unreal Engine/Battle-Tank/BattleTank/Content/Maps/BattleGround.umap
[2017.10.12-21.08.32:799][307]Cmd: OBJ SAVEPACKAGE PACKAGE="/Game/Maps/BattleGround_BuiltData" FILE="D:/Projects/Unreal Engine/Battle-Tank/BattleTank/Content/Maps/BattleGround_BuiltData.uasset" SILENT=true
[2017.10.12-21.08.32:815][307]LogSavePackage: Save=14.88ms
[2017.10.12-21.08.32:815][307]LogSavePackage: Moving 'D:/Projects/Unreal Engine/Battle-Tank/BattleTank/Saved/BattleGround_BuiltDataCB806C4449516441E4FC3F91F9DE9263.tmp' to 'D:/Projects/Unreal Engine/Battle-Tank/BattleTank/Content/Maps/BattleGround_BuiltData.uasset'
[2017.10.12-21.08.32:816][307]LogSavePackage: Display: Finished SavePackage D:/Projects/Unreal Engine/Battle-Tank/BattleTank/Content/Maps/BattleGround_BuiltData.uasset
[2017.10.12-21.08.32:818][307]LogFileHelpers: Saving map 'BattleGround' took 0.798
[2017.10.12-21.08.32:823][307]LogSlate: Took 0.000281 seconds to synchronously load lazily loaded font '../../../Engine/Content/Slate/Fonts/Roboto-Light.ttf' (159K)
[2017.10.12-21.08.53:918][753]LogTemp: Executing iPhonePackager certificates Engine -bundlename com.YourCompany.BattleTank
[2017.10.12-21.08.53:918][753]LogTemp: CWD: C:\Program Files\Epic Games\UE_4.17\Engine\Binaries\DotNET\IOS
[2017.10.12-21.08.53:918][753]LogTemp: Initial Dir: C:\Program Files\Epic Games\UE_4.17
[2017.10.12-21.08.53:918][753]LogTemp: Env CWD: C:\Program Files\Epic Games\UE_4.17\Engine\Binaries\DotNET\IOS
[2017.10.12-21.08.53:918][753]LogTemp: BranchPath = DESKTOP-HVVR9I6/C/Program Files/Epic Games/UE_4.17/Engine/Binaries --- GameBranchPath = DESKTOP-HVVR9I6/C/Program Files/Epic Games/UE_4.17/Engine/Binaries
[2017.10.12-21.08.53:943][754]LogTemp: IPP ERROR: Could not find provision directory 'C:\Users\zain_\AppData\Local/Apple Computer/MobileDevice/Provisioning Profiles/'.
[2017.10.12-21.09.12:381][902]LogSlate: Took 0.000370 seconds to synchronously load lazily loaded font '../../../Engine/Content/Slate/Fonts/Roboto-Light.ttf' (159K)
[2017.10.12-21.09.26:796][437]LogEditorViewport: Clicking on Actor (LMB): StaticMeshActor (Floor)
[2017.10.12-21.09.27:265][492]Cmd: DELETE
[2017.10.12-21.09.27:265][492]Cmd: ACTOR DELETE
[2017.10.12-21.09.27:282][492]LogEditorActor: Deleted Actor: StaticMeshActor
[2017.10.12-21.09.27:296][492]LogEditorActor: Deleted 1 Actors (0.016 secs)
[2017.10.12-21.09.29:269][646]LogTexture: Display: Building textures: Texture2D_2 (G8, 128X128)
[2017.10.12-21.10.39:527][955]LogTexture: Display: Building textures: Texture2D_0 (BGRA8, 512X512)
[2017.10.12-21.11.10:098][157]LogEditorActor: Deleted Actor: Landscape
[2017.10.12-21.11.10:128][157]LogEditorActor: Deleted 1 Actors (0.031 secs)
[2017.10.12-21.11.13:530][563]LogTexture: Display: Building textures: Texture2D_3 (G8, 128X128)
